[21] Log opened at 2024-05-23 15:35:52.297108
[21] [Config] INFO: Control socket set up succesfully: '@xdebug-ctrl.21'
[21] [Step Debug] INFO: Connecting to configured address/port: host.docker.internal:9003.
[21] [Step Debug] WARN: Creating socket for 'host.docker.internal:9003', poll success, but error: Operation now in progress (29).
[21] [Step Debug] ERR: Could not connect to debugging client. Tried: host.docker.internal:9003 (through xdebug.client_host/xdebug.client_port).
[21] Log closed at 2024-05-23 15:35:52.300439

[21] Log opened at 2024-05-23 15:35:57.962120
[21] [Config] INFO: Control socket set up succesfully: '@xdebug-ctrl.21'
[21] [Step Debug] INFO: Connecting to configured address/port: host.docker.internal:9003.
[21] [Step Debug] INFO: Connected to debugging client: host.docker.internal:9003 (through xdebug.client_host/xdebug.client_port).
[21] [Step Debug] -> <init xmlns="urn:debugger_protocol_v1" xmlns:xdebug="https://xdebug.org/dbgp/xdebug" fileuri="file:///var/www/html/index.php" language="PHP" xdebug:language_version="8.2.19" protocol_version="1.0" appid="21" idekey="VSCODE"><engine version="3.3.2"><![CDATA[Xdebug]]></engine><author><![CDATA[Derick Rethans]]></author><url><![CDATA[https://xdebug.org]]></url><copyright><![CDATA[Copyright (c) 2002-2024 by Derick Rethans]]></copyright></init>

[21] [Step Debug] <- feature_set -i 1 -n resolved_breakpoints -v 1
[21] [Step Debug] -> <response xmlns="urn:debugger_protocol_v1" xmlns:xdebug="https://xdebug.org/dbgp/xdebug" command="feature_set" transaction_id="1" feature="resolved_breakpoints" success="1"></response>

[21] [Step Debug] <- feature_set -i 2 -n notify_ok -v 1
[21] [Step Debug] -> <response xmlns="urn:debugger_protocol_v1" xmlns:xdebug="https://xdebug.org/dbgp/xdebug" command="feature_set" transaction_id="2" feature="notify_ok" success="1"></response>

[21] [Step Debug] <- feature_set -i 3 -n extended_properties -v 1
[21] [Step Debug] -> <response xmlns="urn:debugger_protocol_v1" xmlns:xdebug="https://xdebug.org/dbgp/xdebug" command="feature_set" transaction_id="3" feature="extended_properties" success="1"></response>

[21] [Step Debug] <- feature_set -i 4 -n breakpoint_include_return_value -v 1
[21] [Step Debug] -> <response xmlns="urn:debugger_protocol_v1" xmlns:xdebug="https://xdebug.org/dbgp/xdebug" command="feature_set" transaction_id="4" feature="breakpoint_include_return_value" success="1"></response>

[21] [Step Debug] <- feature_set -i 5 -n max_children -v 100
[21] [Step Debug] -> <response xmlns="urn:debugger_protocol_v1" xmlns:xdebug="https://xdebug.org/dbgp/xdebug" command="feature_set" transaction_id="5" feature="max_children" success="1"></response>

[21] [Step Debug] <- breakpoint_set -i 6 -t line -f file:///var/www/html/index.php -n 3
[21] [Step Debug] -> <notify xmlns="urn:debugger_protocol_v1" xmlns:xdebug="https://xdebug.org/dbgp/xdebug" name="breakpoint_resolved"><breakpoint type="line" resolved="resolved" filename="file:///var/www/html/index.php" lineno="3" state="enabled" hit_count="0" hit_value="0" id="210001"></breakpoint></notify>

[21] [Step Debug] -> <response xmlns="urn:debugger_protocol_v1" xmlns:xdebug="https://xdebug.org/dbgp/xdebug" command="breakpoint_set" transaction_id="6" id="210001" resolved="resolved"></response>

[21] [Step Debug] <- breakpoint_get -i 7 -d 210001
[21] [Step Debug] -> <response xmlns="urn:debugger_protocol_v1" xmlns:xdebug="https://xdebug.org/dbgp/xdebug" command="breakpoint_get" transaction_id="7"><breakpoint type="line" resolved="resolved" filename="file:///var/www/html/index.php" lineno="3" state="enabled" hit_count="0" hit_value="0" id="210001"></breakpoint></response>

[21] [Step Debug] <- breakpoint_set -i 8 -t line -f file:///var/www/html/index.php -n 6
[21] [Step Debug] -> <notify xmlns="urn:debugger_protocol_v1" xmlns:xdebug="https://xdebug.org/dbgp/xdebug" name="breakpoint_resolved"><breakpoint type="line" resolved="resolved" filename="file:///var/www/html/index.php" lineno="6" state="enabled" hit_count="0" hit_value="0" id="210002"></breakpoint></notify>

[21] [Step Debug] -> <response xmlns="urn:debugger_protocol_v1" xmlns:xdebug="https://xdebug.org/dbgp/xdebug" command="breakpoint_set" transaction_id="8" id="210002" resolved="resolved"></response>

[21] [Step Debug] <- breakpoint_get -i 9 -d 210002
[21] [Step Debug] -> <response xmlns="urn:debugger_protocol_v1" xmlns:xdebug="https://xdebug.org/dbgp/xdebug" command="breakpoint_get" transaction_id="9"><breakpoint type="line" resolved="resolved" filename="file:///var/www/html/index.php" lineno="6" state="enabled" hit_count="0" hit_value="0" id="210002"></breakpoint></response>

[21] [Step Debug] <- run -i 10
[21] [Step Debug] -> <response xmlns="urn:debugger_protocol_v1" xmlns:xdebug="https://xdebug.org/dbgp/xdebug" command="run" transaction_id="10" status="break" reason="ok"><xdebug:message filename="file:///var/www/html/index.php" lineno="3"></xdebug:message></response>

[21] [Step Debug] <- stack_get -i 11
[21] [Step Debug] -> <response xmlns="urn:debugger_protocol_v1" xmlns:xdebug="https://xdebug.org/dbgp/xdebug" command="stack_get" transaction_id="11"><stack where="{main}" level="0" type="file" filename="file:///var/www/html/index.php" lineno="3"></stack></response>

[21] [Step Debug] <- context_names -i 12 -d 0
[21] [Step Debug] -> <response xmlns="urn:debugger_protocol_v1" xmlns:xdebug="https://xdebug.org/dbgp/xdebug" command="context_names" transaction_id="12"><context name="Locals" id="0"></context><context name="Superglobals" id="1"></context><context name="User defined constants" id="2"></context></response>

[21] [Step Debug] <- context_get -i 13 -d 0 -c 0
[21] [Step Debug] -> <response xmlns="urn:debugger_protocol_v1" xmlns:xdebug="https://xdebug.org/dbgp/xdebug" command="context_get" transaction_id="13" context="0"><property name="$count_until" fullname="$count_until" type="uninitialized"></property></response>

[21] [Step Debug] <- stop -i 14
[21] [Step Debug] -> <response xmlns="urn:debugger_protocol_v1" xmlns:xdebug="https://xdebug.org/dbgp/xdebug" command="stop" transaction_id="14" status="stopped" reason="ok"></response>

[21] [Step Debug] -> <response xmlns="urn:debugger_protocol_v1" xmlns:xdebug="https://xdebug.org/dbgp/xdebug" command="stop" transaction_id="14" status="stopping" reason="ok"></response>

[21] Log closed at 2024-05-23 15:36:58.060299

